2022-02-10 11:14:37 INFO  Starting LiquorStoreApplicationTests using Java 11.0.13 on NB-CJ-U2-5726 with PID 21468 (started by radu.mailat in C:\code\LiquorStore)
2022-02-10 11:14:37 DEBUG Running with Spring Boot v2.6.2, Spring v5.3.14
2022-02-10 11:14:37 INFO  The following profiles are active: test
2022-02-10 11:14:38 INFO  Bootstrapping Spring Data JPA repositories in DEFAULT mode.
2022-02-10 11:14:38 INFO  Finished Spring Data repository scanning in 35 ms. Found 1 JPA repository interfaces.
2022-02-10 11:14:38 INFO  HikariPool-1 - Starting...
2022-02-10 11:14:39 INFO  HikariPool-1 - Start completed.
2022-02-10 11:14:39 INFO  HHH000204: Processing PersistenceUnitInfo [name: default]
2022-02-10 11:14:39 INFO  HHH000412: Hibernate ORM core version 5.6.3.Final
2022-02-10 11:14:39 INFO  HCANN000001: Hibernate Commons Annotations {5.1.2.Final}
2022-02-10 11:14:39 INFO  HHH000400: Using dialect: org.hibernate.dialect.PostgreSQL95Dialect
2022-02-10 11:14:40 INFO  HHH000490: Using JtaPlatform implementation: [org.hibernate.engine.transaction.jta.platform.internal.NoJtaPlatform]
2022-02-10 11:14:40 INFO  Initialized JPA EntityManagerFactory for persistence unit 'default'
2022-02-10 11:14:40 WARN  spring.jpa.open-in-view is enabled by default. Therefore, database queries may be performed during view rendering. Explicitly configure spring.jpa.open-in-view to disable this warning
2022-02-10 11:14:41 INFO  H2 console available at '/h2-console'. Database available at 'jdbc:h2:mem:mydb'
2022-02-10 11:14:41 INFO  Started LiquorStoreApplicationTests in 3.671 seconds (JVM running for 4.538)
2022-02-10 11:14:41 INFO  Closing JPA EntityManagerFactory for persistence unit 'default'
2022-02-10 11:14:41 INFO  HHH000477: Starting delayed evictData of schema as part of SessionFactory shut-down'
2022-02-10 11:14:41 WARN  SQL Error: 90121, SQLState: 90121
2022-02-10 11:14:41 ERROR Database is already closed (to disable automatic closing at VM shutdown, add ";DB_CLOSE_ON_EXIT=FALSE" to the db URL) [90121-200]
2022-02-10 11:14:41 WARN  SQL Error: 90121, SQLState: 90121
2022-02-10 11:14:41 ERROR Database is already closed (to disable automatic closing at VM shutdown, add ";DB_CLOSE_ON_EXIT=FALSE" to the db URL) [90121-200]
2022-02-10 11:14:41 WARN  Invocation of destroy method failed on bean wi2022-02-10 11:18:52 INFO  Closing JPA EntityManagerFactory for persistence unit 'default'
2022-02-10 11:18:52 INFO  HikariPool-1 - Shutdown initiated...
2022-02-10 11:18:52 INFO  HikariPool-1 - Shutdown completed.
14:41 INFO  HikariPool-1 - Shutdown completed.
